<?xml version="1.0" encoding="UTF-8"?>
<!-- Generated by org.testng.reporters.JUnitReportReporter -->
<testsuite hostname="LAPTOP-I40QNGNL" name="com.crm.qa.testcases.SearchFlightTestCases" tests="4" failures="0" timestamp="6 Jun 2020 11:04:29 GMT" time="19.178" errors="0">
  <testcase name="TC002_SearchFligh" time="9.444" classname="com.crm.qa.testcases.SearchFlightTestCases"/>
  <testcase name="TC003_VerifyHeaderContent" time="5.002" classname="com.crm.qa.testcases.SearchFlightTestCases"/>
  <testcase name="TC005_VerifyHeaderContent" time="1.883" classname="com.crm.qa.testcases.SearchFlightTestCases"/>
  <testcase name="TC001_VerifyHeaderContent" time="2.849" classname="com.crm.qa.testcases.SearchFlightTestCases"/>
</testsuite> <!-- com.crm.qa.testcases.SearchFlightTestCases -->
